c:\users\anite\desktop\games tech\in2026 coursework code\vc\asteroids\debug\vc143.pdb
c:\users\anite\desktop\games tech\in2026 coursework code\vc\asteroids\debug\vc143.idb
c:\users\anite\desktop\games tech\in2026 coursework code\vc\asteroids\debug\shield.nativecodeanalysis.sarif
c:\users\anite\desktop\games tech\in2026 coursework code\vc\asteroids\debug\shield.nativecodeanalysis.xml
c:\users\anite\desktop\games tech\in2026 coursework code\vc\asteroids\debug\life.nativecodeanalysis.sarif
c:\users\anite\desktop\games tech\in2026 coursework code\vc\asteroids\debug\life.nativecodeanalysis.xml
c:\users\anite\desktop\games tech\in2026 coursework code\vc\asteroids\debug\explosion.nativecodeanalysis.sarif
c:\users\anite\desktop\games tech\in2026 coursework code\vc\asteroids\debug\explosion.nativecodeanalysis.xml
c:\users\anite\desktop\games tech\in2026 coursework code\vc\asteroids\debug\bullet.nativecodeanalysis.sarif
c:\users\anite\desktop\games tech\in2026 coursework code\vc\asteroids\debug\bullet.nativecodeanalysis.xml
c:\users\anite\desktop\games tech\in2026 coursework code\vc\asteroids\debug\asteroid.nativecodeanalysis.sarif
c:\users\anite\desktop\games tech\in2026 coursework code\vc\asteroids\debug\asteroid.nativecodeanalysis.xml
c:\users\anite\desktop\games tech\in2026 coursework code\vc\asteroids\debug\main.obj
c:\users\anite\desktop\games tech\in2026 coursework code\vc\asteroids\debug\alien.obj
c:\users\anite\desktop\games tech\in2026 coursework code\vc\asteroids\debug\asteroid.obj
c:\users\anite\desktop\games tech\in2026 coursework code\vc\asteroids\debug\asteroids.obj
c:\users\anite\desktop\games tech\in2026 coursework code\vc\asteroids\debug\bullet.obj
c:\users\anite\desktop\games tech\in2026 coursework code\vc\asteroids\debug\bulletalien.obj
c:\users\anite\desktop\games tech\in2026 coursework code\vc\asteroids\debug\explosion.obj
c:\users\anite\desktop\games tech\in2026 coursework code\vc\asteroids\debug\life.obj
c:\users\anite\desktop\games tech\in2026 coursework code\vc\asteroids\debug\shield.obj
c:\users\anite\desktop\games tech\in2026 coursework code\vc\asteroids\debug\spaceship.obj
c:\users\anite\desktop\games tech submission\in2026 coursework code\vc\asteroids\debug\vc143.pdb
c:\users\anite\desktop\games tech submission\in2026 coursework code\vc\asteroids\debug\vc143.idb
c:\users\anite\desktop\games tech submission\in2026 coursework code\vc\asteroids\debug\alien.obj
c:\users\anite\desktop\games tech submission\in2026 coursework code\vc\asteroids\debug\asteroid.obj
c:\users\anite\desktop\games tech submission\in2026 coursework code\vc\asteroids\debug\asteroids.obj
c:\users\anite\desktop\games tech submission\in2026 coursework code\vc\asteroids\debug\bullet.obj
c:\users\anite\desktop\games tech submission\in2026 coursework code\vc\asteroids\debug\bulletalien.obj
c:\users\anite\desktop\games tech submission\in2026 coursework code\vc\asteroids\debug\explosion.obj
c:\users\anite\desktop\games tech submission\in2026 coursework code\vc\asteroids\debug\life.obj
c:\users\anite\desktop\games tech submission\in2026 coursework code\vc\asteroids\debug\main.obj
c:\users\anite\desktop\games tech submission\in2026 coursework code\vc\asteroids\debug\shield.obj
c:\users\anite\desktop\games tech submission\in2026 coursework code\vc\asteroids\debug\spaceship.obj
c:\users\anite\desktop\games tech\in2026 coursework code\vc\asteroids\debug\asteroids.ilk
c:\users\anite\desktop\games tech\in2026 coursework code\bin\asteroids.exe
c:\users\anite\desktop\games tech\in2026 coursework code\vc\asteroids\debug\asteroids.pdb
c:\users\anite\desktop\games tech submission\in2026 coursework code\bin\asteroids.exe
c:\users\anite\desktop\games tech submission\in2026 coursework code\vc\asteroids\debug\asteroids.ilk
c:\users\anite\desktop\games tech submission\in2026 coursework code\vc\asteroids\debug\asteroids.pdb
c:\users\anite\desktop\games tech submission\in2026 coursework code\vc\asteroids\debug\asteroids.tlog\cl.command.1.tlog
c:\users\anite\desktop\games tech submission\in2026 coursework code\vc\asteroids\debug\asteroids.tlog\cl.read.1.tlog
c:\users\anite\desktop\games tech submission\in2026 coursework code\vc\asteroids\debug\asteroids.tlog\cl.write.1.tlog
c:\users\anite\desktop\games tech submission\in2026 coursework code\vc\asteroids\debug\asteroids.tlog\link.command.1.tlog
c:\users\anite\desktop\games tech submission\in2026 coursework code\vc\asteroids\debug\asteroids.tlog\link.read.1.tlog
c:\users\anite\desktop\games tech submission\in2026 coursework code\vc\asteroids\debug\asteroids.tlog\link.write.1.tlog
