cl : linha de comando  warning D9035: opção 'Gm' foi preterida e será removida em uma versão futura
  Spaceship.cpp
  Shield.cpp
  main.cpp
  Life.cpp
  Explosion.cpp
  BulletAlien.cpp
  Bullet.cpp
  Asteroids.cpp
C:\Users\anite\Desktop\Games Tech Submission\IN2026 Coursework Code\src\Asteroids.cpp(141,24): warning C4805: '==': mistura não segura de tipo 'uint' e tipo 'bool' em operação
  Asteroid.cpp
  Alien.cpp
  Gerando Código...
Alien.obj : warning LNK4075: ignorando '/EDITANDCONTINUE' devido a especificação '/SAFESEH'
  Asteroids.vcxproj -> C:\Users\anite\Desktop\Games Tech Submission\IN2026 Coursework Code\bin\Asteroids.exe
  ..\..\assets\asteroid.shape
  ..\..\assets\asteroid1_fs.png
  ..\..\assets\asteroid2_fs.png
  ..\..\assets\asteroid3_fs.png
  ..\..\assets\bullet.shape
  ..\..\assets\enemy_fs.png
  ..\..\assets\enemy_fs.shape
  ..\..\assets\explosion_fs.png
  ..\..\assets\life.shape
  ..\..\assets\life2_fs.png
  ..\..\assets\shield.png
  ..\..\assets\shieldObj.png
  ..\..\assets\spaceship.shape
  ..\..\assets\spaceship_fs.png
  ..\..\assets\thruster.shape
         15 file(s) copied.
