c:\users\anite\documents\github\in2026-games-technology\in2026 coursework code\lib\engine.pdb
c:\users\anite\documents\github\in2026-games-technology\in2026 coursework code\lib\engine.idb
c:\users\anite\downloads\games tech tast 2\in2026 coursework code tast 2 try\in2026 coursework code - try\lib\engine.pdb
c:\users\anite\downloads\games tech tast 2\in2026 coursework code tast 2 try\in2026 coursework code - try\lib\engine.idb
c:\users\anite\downloads\games tech tast 2\in2026 coursework code tast 2 try\in2026 coursework code - try\vc\engine\debug\gamedisplay.obj
c:\users\anite\downloads\games tech tast 2\in2026 coursework code tast 2 try\in2026 coursework code - try\vc\engine\debug\gameobject.obj
c:\users\anite\downloads\games tech tast 2\in2026 coursework code tast 2 try\in2026 coursework code - try\vc\engine\debug\gameobjecttype.obj
c:\users\anite\downloads\games tech tast 2\in2026 coursework code tast 2 try\in2026 coursework code - try\vc\engine\debug\gamesession.obj
c:\users\anite\downloads\games tech tast 2\in2026 coursework code tast 2 try\in2026 coursework code - try\vc\engine\debug\gamewindow.obj
c:\users\anite\downloads\games tech tast 2\in2026 coursework code tast 2 try\in2026 coursework code - try\vc\engine\debug\gameworld.obj
c:\users\anite\downloads\games tech tast 2\in2026 coursework code tast 2 try\in2026 coursework code - try\vc\engine\debug\glutsession.obj
c:\users\anite\downloads\games tech tast 2\in2026 coursework code tast 2 try\in2026 coursework code - try\vc\engine\debug\glutwindow.obj
c:\users\anite\downloads\games tech tast 2\in2026 coursework code tast 2 try\in2026 coursework code - try\vc\engine\debug\glvector.obj
c:\users\anite\downloads\games tech tast 2\in2026 coursework code tast 2 try\in2026 coursework code - try\vc\engine\debug\guicomponent.obj
c:\users\anite\downloads\games tech tast 2\in2026 coursework code tast 2 try\in2026 coursework code - try\vc\engine\debug\guicontainer.obj
c:\users\anite\downloads\games tech tast 2\in2026 coursework code tast 2 try\in2026 coursework code - try\vc\engine\debug\guiicon.obj
c:\users\anite\downloads\games tech tast 2\in2026 coursework code tast 2 try\in2026 coursework code - try\vc\engine\debug\guilabel.obj
c:\users\anite\downloads\games tech tast 2\in2026 coursework code tast 2 try\in2026 coursework code - try\vc\engine\debug\image.obj
c:\users\anite\downloads\games tech tast 2\in2026 coursework code tast 2 try\in2026 coursework code - try\vc\engine\debug\imagemanager.obj
c:\users\anite\downloads\games tech tast 2\in2026 coursework code tast 2 try\in2026 coursework code - try\vc\engine\debug\movementcontroller.obj
c:\users\anite\downloads\games tech tast 2\in2026 coursework code tast 2 try\in2026 coursework code - try\vc\engine\debug\shape.obj
c:\users\anite\downloads\games tech tast 2\in2026 coursework code tast 2 try\in2026 coursework code - try\vc\engine\debug\sprite.obj
c:\users\anite\downloads\games tech tast 2\in2026 coursework code tast 2 try\in2026 coursework code - try\vc\engine\debug\texture.obj
c:\users\anite\downloads\games tech tast 2\in2026 coursework code tast 2 try\in2026 coursework code - try\vc\engine\debug\texturemanager.obj
c:\users\anite\downloads\games tech tast 2\in2026 coursework code tast 2 try\in2026 coursework code - try\vc\engine\debug\animation.obj
c:\users\anite\downloads\games tech tast 2\in2026 coursework code tast 2 try\in2026 coursework code - try\vc\engine\debug\animationmanager.obj
c:\users\anite\downloads\games tech tast 2\in2026 coursework code tast 3\in2026 coursework code - try\lib\engine.pdb
c:\users\anite\downloads\games tech tast 2\in2026 coursework code tast 3\in2026 coursework code - try\lib\engine.idb
c:\users\anite\downloads\games tech tast 2\in2026 coursework code tast 3\in2026 coursework code - try\vc\engine\debug\gamedisplay.obj
c:\users\anite\downloads\games tech tast 2\in2026 coursework code tast 3\in2026 coursework code - try\vc\engine\debug\gameobject.obj
c:\users\anite\downloads\games tech tast 2\in2026 coursework code tast 3\in2026 coursework code - try\vc\engine\debug\gameobjecttype.obj
c:\users\anite\downloads\games tech tast 2\in2026 coursework code tast 3\in2026 coursework code - try\vc\engine\debug\gamesession.obj
c:\users\anite\downloads\games tech tast 2\in2026 coursework code tast 3\in2026 coursework code - try\vc\engine\debug\gamewindow.obj
c:\users\anite\downloads\games tech tast 2\in2026 coursework code tast 3\in2026 coursework code - try\vc\engine\debug\gameworld.obj
c:\users\anite\downloads\games tech tast 2\in2026 coursework code tast 3\in2026 coursework code - try\vc\engine\debug\glutsession.obj
c:\users\anite\downloads\games tech tast 2\in2026 coursework code tast 3\in2026 coursework code - try\vc\engine\debug\glutwindow.obj
c:\users\anite\downloads\games tech tast 2\in2026 coursework code tast 3\in2026 coursework code - try\vc\engine\debug\glvector.obj
c:\users\anite\downloads\games tech tast 2\in2026 coursework code tast 3\in2026 coursework code - try\vc\engine\debug\guicomponent.obj
c:\users\anite\downloads\games tech tast 2\in2026 coursework code tast 3\in2026 coursework code - try\vc\engine\debug\guicontainer.obj
c:\users\anite\downloads\games tech tast 2\in2026 coursework code tast 3\in2026 coursework code - try\vc\engine\debug\guiicon.obj
c:\users\anite\downloads\games tech tast 2\in2026 coursework code tast 3\in2026 coursework code - try\vc\engine\debug\guilabel.obj
c:\users\anite\downloads\games tech tast 2\in2026 coursework code tast 3\in2026 coursework code - try\vc\engine\debug\image.obj
c:\users\anite\downloads\games tech tast 2\in2026 coursework code tast 3\in2026 coursework code - try\vc\engine\debug\imagemanager.obj
c:\users\anite\downloads\games tech tast 2\in2026 coursework code tast 3\in2026 coursework code - try\vc\engine\debug\movementcontroller.obj
c:\users\anite\downloads\games tech tast 2\in2026 coursework code tast 3\in2026 coursework code - try\vc\engine\debug\shape.obj
c:\users\anite\downloads\games tech tast 2\in2026 coursework code tast 3\in2026 coursework code - try\vc\engine\debug\sprite.obj
c:\users\anite\downloads\games tech tast 2\in2026 coursework code tast 3\in2026 coursework code - try\vc\engine\debug\texture.obj
c:\users\anite\downloads\games tech tast 2\in2026 coursework code tast 3\in2026 coursework code - try\vc\engine\debug\texturemanager.obj
c:\users\anite\downloads\games tech tast 2\in2026 coursework code tast 3\in2026 coursework code - try\vc\engine\debug\animation.obj
c:\users\anite\downloads\games tech tast 2\in2026 coursework code tast 3\in2026 coursework code - try\vc\engine\debug\animationmanager.obj
c:\users\anite\downloads\games tech tast 2\in2026 coursework code tast 4\in2026 coursework code - try\lib\engine.pdb
c:\users\anite\downloads\games tech tast 2\in2026 coursework code tast 4\in2026 coursework code - try\lib\engine.idb
c:\users\anite\downloads\games tech tast 2\in2026 coursework code tast 4\in2026 coursework code - try\vc\engine\debug\gamedisplay.obj
c:\users\anite\downloads\games tech tast 2\in2026 coursework code tast 4\in2026 coursework code - try\vc\engine\debug\gameobject.obj
c:\users\anite\downloads\games tech tast 2\in2026 coursework code tast 4\in2026 coursework code - try\vc\engine\debug\gameobjecttype.obj
c:\users\anite\downloads\games tech tast 2\in2026 coursework code tast 4\in2026 coursework code - try\vc\engine\debug\gamesession.obj
c:\users\anite\downloads\games tech tast 2\in2026 coursework code tast 4\in2026 coursework code - try\vc\engine\debug\gamewindow.obj
c:\users\anite\downloads\games tech tast 2\in2026 coursework code tast 4\in2026 coursework code - try\vc\engine\debug\gameworld.obj
c:\users\anite\downloads\games tech tast 2\in2026 coursework code tast 4\in2026 coursework code - try\vc\engine\debug\glutsession.obj
c:\users\anite\downloads\games tech tast 2\in2026 coursework code tast 4\in2026 coursework code - try\vc\engine\debug\glutwindow.obj
c:\users\anite\downloads\games tech tast 2\in2026 coursework code tast 4\in2026 coursework code - try\vc\engine\debug\glvector.obj
c:\users\anite\downloads\games tech tast 2\in2026 coursework code tast 4\in2026 coursework code - try\vc\engine\debug\guicomponent.obj
c:\users\anite\downloads\games tech tast 2\in2026 coursework code tast 4\in2026 coursework code - try\vc\engine\debug\guicontainer.obj
c:\users\anite\downloads\games tech tast 2\in2026 coursework code tast 4\in2026 coursework code - try\vc\engine\debug\guiicon.obj
c:\users\anite\downloads\games tech tast 2\in2026 coursework code tast 4\in2026 coursework code - try\vc\engine\debug\guilabel.obj
c:\users\anite\downloads\games tech tast 2\in2026 coursework code tast 4\in2026 coursework code - try\vc\engine\debug\image.obj
c:\users\anite\downloads\games tech tast 2\in2026 coursework code tast 4\in2026 coursework code - try\vc\engine\debug\imagemanager.obj
c:\users\anite\downloads\games tech tast 2\in2026 coursework code tast 4\in2026 coursework code - try\vc\engine\debug\movementcontroller.obj
c:\users\anite\downloads\games tech tast 2\in2026 coursework code tast 4\in2026 coursework code - try\vc\engine\debug\shape.obj
c:\users\anite\downloads\games tech tast 2\in2026 coursework code tast 4\in2026 coursework code - try\vc\engine\debug\sprite.obj
c:\users\anite\downloads\games tech tast 2\in2026 coursework code tast 4\in2026 coursework code - try\vc\engine\debug\texture.obj
c:\users\anite\downloads\games tech tast 2\in2026 coursework code tast 4\in2026 coursework code - try\vc\engine\debug\texturemanager.obj
c:\users\anite\downloads\games tech tast 2\in2026 coursework code tast 4\in2026 coursework code - try\vc\engine\debug\animation.obj
c:\users\anite\downloads\games tech tast 2\in2026 coursework code tast 4\in2026 coursework code - try\vc\engine\debug\animationmanager.obj
c:\users\anite\downloads\games tech tast 2\task3 novo\lib\engine.pdb
c:\users\anite\downloads\games tech tast 2\task3 novo\lib\engine.idb
c:\users\anite\downloads\games tech tast 2\task3 novo\vc\engine\debug\gamedisplay.obj
c:\users\anite\downloads\games tech tast 2\task3 novo\vc\engine\debug\gameobject.obj
c:\users\anite\downloads\games tech tast 2\task3 novo\vc\engine\debug\gameobjecttype.obj
c:\users\anite\downloads\games tech tast 2\task3 novo\vc\engine\debug\gamesession.obj
c:\users\anite\downloads\games tech tast 2\task3 novo\vc\engine\debug\gamewindow.obj
c:\users\anite\downloads\games tech tast 2\task3 novo\vc\engine\debug\gameworld.obj
c:\users\anite\downloads\games tech tast 2\task3 novo\vc\engine\debug\glutsession.obj
c:\users\anite\downloads\games tech tast 2\task3 novo\vc\engine\debug\glutwindow.obj
c:\users\anite\downloads\games tech tast 2\task3 novo\vc\engine\debug\glvector.obj
c:\users\anite\downloads\games tech tast 2\task3 novo\vc\engine\debug\guicomponent.obj
c:\users\anite\downloads\games tech tast 2\task3 novo\vc\engine\debug\guicontainer.obj
c:\users\anite\downloads\games tech tast 2\task3 novo\vc\engine\debug\guiicon.obj
c:\users\anite\downloads\games tech tast 2\task3 novo\vc\engine\debug\guilabel.obj
c:\users\anite\downloads\games tech tast 2\task3 novo\vc\engine\debug\image.obj
c:\users\anite\downloads\games tech tast 2\task3 novo\vc\engine\debug\imagemanager.obj
c:\users\anite\downloads\games tech tast 2\task3 novo\vc\engine\debug\movementcontroller.obj
c:\users\anite\downloads\games tech tast 2\task3 novo\vc\engine\debug\shape.obj
c:\users\anite\downloads\games tech tast 2\task3 novo\vc\engine\debug\sprite.obj
c:\users\anite\downloads\games tech tast 2\task3 novo\vc\engine\debug\texture.obj
c:\users\anite\downloads\games tech tast 2\task3 novo\vc\engine\debug\texturemanager.obj
c:\users\anite\downloads\games tech tast 2\task3 novo\vc\engine\debug\animation.obj
c:\users\anite\downloads\games tech tast 2\task3 novo\vc\engine\debug\animationmanager.obj
c:\users\anite\downloads\games tech tast 2\in2026 coursework code tast 2 try\in2026 coursework code - try\lib\engine.lib
c:\users\anite\downloads\games tech tast 2\in2026 coursework code tast 3\in2026 coursework code - try\lib\engine.lib
c:\users\anite\downloads\games tech tast 2\in2026 coursework code tast 4\in2026 coursework code - try\lib\engine.lib
c:\users\anite\downloads\games tech tast 2\task3 novo\lib\engine.lib
c:\users\anite\documents\github\in2026-games-technology\in2026 coursework code\vc\engine\debug\animation.obj
c:\users\anite\documents\github\in2026-games-technology\in2026 coursework code\vc\engine\debug\animationmanager.obj
c:\users\anite\documents\github\in2026-games-technology\in2026 coursework code\vc\engine\debug\gamedisplay.obj
c:\users\anite\documents\github\in2026-games-technology\in2026 coursework code\vc\engine\debug\gameobject.obj
c:\users\anite\documents\github\in2026-games-technology\in2026 coursework code\vc\engine\debug\gameobjecttype.obj
c:\users\anite\documents\github\in2026-games-technology\in2026 coursework code\vc\engine\debug\gamesession.obj
c:\users\anite\documents\github\in2026-games-technology\in2026 coursework code\vc\engine\debug\gamewindow.obj
c:\users\anite\documents\github\in2026-games-technology\in2026 coursework code\vc\engine\debug\gameworld.obj
c:\users\anite\documents\github\in2026-games-technology\in2026 coursework code\vc\engine\debug\glutsession.obj
c:\users\anite\documents\github\in2026-games-technology\in2026 coursework code\vc\engine\debug\glutwindow.obj
c:\users\anite\documents\github\in2026-games-technology\in2026 coursework code\vc\engine\debug\glvector.obj
c:\users\anite\documents\github\in2026-games-technology\in2026 coursework code\vc\engine\debug\guicomponent.obj
c:\users\anite\documents\github\in2026-games-technology\in2026 coursework code\vc\engine\debug\guicontainer.obj
c:\users\anite\documents\github\in2026-games-technology\in2026 coursework code\vc\engine\debug\guiicon.obj
c:\users\anite\documents\github\in2026-games-technology\in2026 coursework code\vc\engine\debug\guilabel.obj
c:\users\anite\documents\github\in2026-games-technology\in2026 coursework code\vc\engine\debug\image.obj
c:\users\anite\documents\github\in2026-games-technology\in2026 coursework code\vc\engine\debug\imagemanager.obj
c:\users\anite\documents\github\in2026-games-technology\in2026 coursework code\vc\engine\debug\movementcontroller.obj
c:\users\anite\documents\github\in2026-games-technology\in2026 coursework code\vc\engine\debug\shape.obj
c:\users\anite\documents\github\in2026-games-technology\in2026 coursework code\vc\engine\debug\sprite.obj
c:\users\anite\documents\github\in2026-games-technology\in2026 coursework code\vc\engine\debug\texture.obj
c:\users\anite\documents\github\in2026-games-technology\in2026 coursework code\vc\engine\debug\texturemanager.obj
c:\users\anite\documents\github\in2026-games-technology\in2026 coursework code\vc\asteroids\debug\..\..\..\lib\engine.pdb
c:\users\anite\documents\github\in2026-games-technology\in2026 coursework code\lib\engine.lib
c:\users\anite\documents\github\in2026-games-technology\in2026 coursework code\vc\engine\debug\engine.tlog\cl.command.1.tlog
c:\users\anite\documents\github\in2026-games-technology\in2026 coursework code\vc\engine\debug\engine.tlog\cl.read.1.tlog
c:\users\anite\documents\github\in2026-games-technology\in2026 coursework code\vc\engine\debug\engine.tlog\cl.write.1.tlog
c:\users\anite\documents\github\in2026-games-technology\in2026 coursework code\vc\engine\debug\engine.tlog\lib-link.read.1.tlog
c:\users\anite\documents\github\in2026-games-technology\in2026 coursework code\vc\engine\debug\engine.tlog\lib-link.write.1.tlog
c:\users\anite\documents\github\in2026-games-technology\in2026 coursework code\vc\engine\debug\engine.tlog\lib.command.1.tlog
